-------------------------------------------------------------------------------
Test set: com.apigateway.ApigatewayApplicationTests
-------------------------------------------------------------------------------
Tests run: 1, Failures: 0, Errors: 1, Skipped: 0, Time elapsed: 7.385 s <<< FAILURE! - in com.apigateway.ApigatewayApplicationTests
contextLoads  Time elapsed: 0.036 s  <<< ERROR!
java.lang.IllegalStateException: Failed to load ApplicationContext
Caused by: org.springframework.beans.factory.BeanDefinitionStoreException: Failed to process import candidates for configuration class [com.apigateway.ApigatewayApplication]; nested exception is java.lang.IllegalStateException: Failed to introspect annotated methods on class springfox.documentation.swagger2.configuration.Swagger2DocumentationConfiguration
Caused by: java.lang.IllegalStateException: Failed to introspect annotated methods on class springfox.documentation.swagger2.configuration.Swagger2DocumentationConfiguration
Caused by: java.lang.IllegalStateException: Failed to introspect Class [springfox.documentation.swagger2.configuration.Swagger2DocumentationConfiguration] from ClassLoader [jdk.internal.loader.ClassLoaders$AppClassLoader@73d16e93]
Caused by: java.lang.NoClassDefFoundError: org/springframework/web/servlet/HandlerMapping
Caused by: java.lang.ClassNotFoundException: org.springframework.web.servlet.HandlerMapping

